<?xml version="1.0" encoding="UTF-8" ?>
<testsuite tests="6" failures="1" name="RunCucumberTest" time="1.613" errors="2" skipped="0">
  <properties>
[...]
</properties>
  <testcase classname="Add image to Imgur #1" name="Add image to Imgur" time="0.12">
    <error message="The step &apos;Image &quot;https://raw.githubusercontent.com/OlexandrBebeh/KPI-3-Test_of_program_products/master/images/superimposition_3.png&quot;&apos; and 2 other step(s) are undefined.
You can implement these steps using the snippet(s) below:

@Given(&quot;Image {string}&quot;)
public void image(String string) {
    // Write code here that turns the phrase above into concrete actions
    throw new io.cucumber.java.PendingException();
}
@When(&quot;I want do add image with url&quot;)
public void i_want_do_add_image_with_url() {
    // Write code here that turns the phrase above into concrete actions
    throw new io.cucumber.java.PendingException();
}
@Then(&quot;I should get id of added image and delete it&quot;)
public void i_should_get_id_of_added_image_and_delete_it() {
    // Write code here that turns the phrase above into concrete actions
    throw new io.cucumber.java.PendingException();
}
" type="io.cucumber.junit.UndefinedStepException">io.cucumber.junit.UndefinedStepException: The step &apos;Image &quot;https://raw.githubusercontent.com/OlexandrBebeh/KPI-3-Test_of_program_products/master/images/superimposition_3.png&quot;&apos; and 2 other step(s) are undefined.
You can implement these steps using the snippet(s) below:

@Given(&quot;Image {string}&quot;)
public void image(String string) {
    // Write code here that turns the phrase above into concrete actions
    throw new io.cucumber.java.PendingException();
}
@When(&quot;I want do add image with url&quot;)
public void i_want_do_add_image_with_url() {
    // Write code here that turns the phrase above into concrete actions
    throw new io.cucumber.java.PendingException();
}
@Then(&quot;I should get id of added image and delete it&quot;)
public void i_should_get_id_of_added_image_and_delete_it() {
    // Write code here that turns the phrase above into concrete actions
    throw new io.cucumber.java.PendingException();
}

</error>
  </testcase>
  <testcase classname="Find user by name" name="Find user by name" time="1.485">
    <failure message="1 expectation failed.
Expected status code &lt;404&gt; but was &lt;200&gt;.
" type="java.lang.AssertionError">java.lang.AssertionError: 1 expectation failed.
Expected status code &lt;404&gt; but was &lt;200&gt;.

	at sun.reflect.NativeConstructorAccessorImpl.newInstance0(Native Method)
	at sun.reflect.NativeConstructorAccessorImpl.newInstance(NativeConstructorAccessorImpl.java:62)
	at sun.reflect.DelegatingConstructorAccessorImpl.newInstance(DelegatingConstructorAccessorImpl.java:45)
	at java.lang.reflect.Constructor.newInstance(Constructor.java:423)
	at org.codehaus.groovy.reflection.CachedConstructor.invoke(CachedConstructor.java:72)
	at org.codehaus.groovy.reflection.CachedConstructor.doConstructorInvoke(CachedConstructor.java:59)
	at org.codehaus.groovy.runtime.callsite.ConstructorSite$ConstructorSiteNoUnwrap.callConstructor(ConstructorSite.java:84)
	at org.codehaus.groovy.runtime.callsite.CallSiteArray.defaultCallConstructor(CallSiteArray.java:59)
	at org.codehaus.groovy.runtime.callsite.AbstractCallSite.callConstructor(AbstractCallSite.java:263)
	at org.codehaus.groovy.runtime.callsite.AbstractCallSite.callConstructor(AbstractCallSite.java:277)
	at io.restassured.internal.ResponseSpecificationImpl$HamcrestAssertionClosure.validate(ResponseSpecificationImpl.groovy:493)
	at io.restassured.internal.ResponseSpecificationImpl$HamcrestAssertionClosure$validate$1.call(Unknown Source)
	at io.restassured.internal.ResponseSpecificationImpl.validateResponseIfRequired(ResponseSpecificationImpl.groovy:674)
	at sun.reflect.NativeMethodAccessorImpl.invoke0(Native Method)
	at sun.reflect.NativeMethodAccessorImpl.invoke(NativeMethodAccessorImpl.java:62)
	at sun.reflect.DelegatingMethodAccessorImpl.invoke(DelegatingMethodAccessorImpl.java:43)
	at java.lang.reflect.Method.invoke(Method.java:498)
	at org.codehaus.groovy.runtime.callsite.PlainObjectMetaMethodSite.doInvoke(PlainObjectMetaMethodSite.java:43)
	at org.codehaus.groovy.runtime.callsite.PogoMetaMethodSite$PogoCachedMethodSiteNoUnwrapNoCoerce.invoke(PogoMetaMethodSite.java:193)
	at org.codehaus.groovy.runtime.callsite.PogoMetaMethodSite.callCurrent(PogoMetaMethodSite.java:61)
	at org.codehaus.groovy.runtime.callsite.CallSiteArray.defaultCallCurrent(CallSiteArray.java:51)
	at org.codehaus.groovy.runtime.callsite.AbstractCallSite.callCurrent(AbstractCallSite.java:171)
	at org.codehaus.groovy.runtime.callsite.AbstractCallSite.callCurrent(AbstractCallSite.java:185)
	at io.restassured.internal.ResponseSpecificationImpl.statusCode(ResponseSpecificationImpl.groovy:126)
	at io.restassured.specification.ResponseSpecification$statusCode$0.callCurrent(Unknown Source)
	at org.codehaus.groovy.runtime.callsite.CallSiteArray.defaultCallCurrent(CallSiteArray.java:51)
	at org.codehaus.groovy.runtime.callsite.AbstractCallSite.callCurrent(AbstractCallSite.java:171)
	at org.codehaus.groovy.runtime.callsite.AbstractCallSite.callCurrent(AbstractCallSite.java:185)
	at io.restassured.internal.ResponseSpecificationImpl.statusCode(ResponseSpecificationImpl.groovy:134)
	at io.restassured.internal.ValidatableResponseOptionsImpl.statusCode(ValidatableResponseOptionsImpl.java:89)
	at io.restassured.internal.ValidatableResponseImpl.super$2$statusCode(ValidatableResponseImpl.groovy)
	at sun.reflect.NativeMethodAccessorImpl.invoke0(Native Method)
	at sun.reflect.NativeMethodAccessorImpl.invoke(NativeMethodAccessorImpl.java:62)
	at sun.reflect.DelegatingMethodAccessorImpl.invoke(DelegatingMethodAccessorImpl.java:43)
	at java.lang.reflect.Method.invoke(Method.java:498)
	at org.codehaus.groovy.reflection.CachedMethod.invoke(CachedMethod.java:107)
	at groovy.lang.MetaMethod.doMethodInvoke(MetaMethod.java:323)
	at groovy.lang.MetaClassImpl.invokeMethod(MetaClassImpl.java:1268)
	at org.codehaus.groovy.runtime.ScriptBytecodeAdapter.invokeMethodOnSuperN(ScriptBytecodeAdapter.java:144)
	at io.restassured.internal.ValidatableResponseImpl.statusCode(ValidatableResponseImpl.groovy:142)
	at io.restassured.internal.ValidatableResponseImpl.statusCode(ValidatableResponseImpl.groovy)
	at StepsForFindUser.getUserPage(StepsForFindUser.java:25)
	at ✽.I want to find user(classpath:getuser_fail.feature:6)
</failure>
    <system-out>Request URI:	https://imgur.com/user/sadt3cyawWh54h
Body:			&lt;none&gt;
</system-out>
  </testcase>
  <testcase classname="Is it Friday yet?" name="Today is or is not Friday #1" time="0.003"/>
  <testcase classname="Is it Friday yet?" name="Today is or is not Friday #2" time="0.001"/>
  <testcase classname="Is it Friday yet?" name="Today is or is not Friday #3" time="0.002"/>
  <testcase classname="Add image to Imgur #2" name="Add image to Imgur" time="0.002">
    <error message="The step &apos;Image &quot;https://raw.githubusercontent.com/OlexandrBebeh/KPI-3-Test_of_program_products/master/images/superimposition_3.png&quot;&apos; and 2 other step(s) are undefined.
You can implement these steps using the snippet(s) below:

@Given(&quot;Image {string}&quot;)
public void image(String string) {
    // Write code here that turns the phrase above into concrete actions
    throw new io.cucumber.java.PendingException();
}
@When(&quot;I want do add image with url&quot;)
public void i_want_do_add_image_with_url() {
    // Write code here that turns the phrase above into concrete actions
    throw new io.cucumber.java.PendingException();
}
@Then(&quot;I should get id of added image and delete it&quot;)
public void i_should_get_id_of_added_image_and_delete_it() {
    // Write code here that turns the phrase above into concrete actions
    throw new io.cucumber.java.PendingException();
}
" type="io.cucumber.junit.UndefinedStepException">io.cucumber.junit.UndefinedStepException: The step &apos;Image &quot;https://raw.githubusercontent.com/OlexandrBebeh/KPI-3-Test_of_program_products/master/images/superimposition_3.png&quot;&apos; and 2 other step(s) are undefined.
You can implement these steps using the snippet(s) below:

@Given(&quot;Image {string}&quot;)
public void image(String string) {
    // Write code here that turns the phrase above into concrete actions
    throw new io.cucumber.java.PendingException();
}
@When(&quot;I want do add image with url&quot;)
public void i_want_do_add_image_with_url() {
    // Write code here that turns the phrase above into concrete actions
    throw new io.cucumber.java.PendingException();
}
@Then(&quot;I should get id of added image and delete it&quot;)
public void i_should_get_id_of_added_image_and_delete_it() {
    // Write code here that turns the phrase above into concrete actions
    throw new io.cucumber.java.PendingException();
}

</error>
  </testcase>
</testsuite>